<?xml version="1.0" encoding="UTF-8"?>
<!-- Generated by org.testng.reporters.JUnitXMLReporter -->
<testsuite ignored="0" hostname="DESKTOP-TRSSFAT" failures="1" tests="4" name="Test" time="34.601" errors="0" timestamp="2022-07-30T18:20:13 BST">
  <testcase classname="io.cucumber.testng.AbstractTestNGCucumberTests" name="runScenario" time="12.678"/>
  <testcase classname="io.cucumber.testng.AbstractTestNGCucumberTests" name="runScenario" time="5.721"/>
  <testcase classname="io.cucumber.testng.AbstractTestNGCucumberTests" name="runScenario" time="6.503">
    <failure type="java.lang.AssertionError" message="expected [KBO] but found [Lacrosse]">
      <![CDATA[java.lang.AssertionError: expected [KBO] but found [Lacrosse]
at com.cucumber.framework.stepdefinition.SportsFilter.i_can_see_an_available_list_of_valid_sports(SportsFilter.java:72)
at âœ½.I can see an available list of valid Sports(classpath:featurefile/filterSportsListValidation.feature:7)
... Removed 6 stack frames]]>
    </failure>
  </testcase> <!-- runScenario -->
  <testcase classname="io.cucumber.testng.AbstractTestNGCucumberTests" name="runScenario" time="8.849"/>
</testsuite> <!-- Test -->
