<?xml version="1.0" encoding="UTF-8"?>
<!-- Generated by org.testng.reporters.JUnitReportReporter -->
<testsuite hostname="DESKTOP-TRSSFAT" failures="1" tests="1" name="com.cucumber.framework.runner.filterSportsListValidationFeatureRunner" time="6.503" errors="0" timestamp="2022-07-30T18:20:13 BST" skipped="0">
  <testcase classname="com.cucumber.framework.runner.filterSportsListValidationFeatureRunner" name="runScenario" time="6.503">
    <failure message="expected [KBO] but found [Lacrosse]" type="java.lang.AssertionError">
      <![CDATA[java.lang.AssertionError: expected [KBO] but found [Lacrosse]
at org.testng.Assert.fail(Assert.java:110)
at org.testng.Assert.failNotEquals(Assert.java:1413)
at org.testng.Assert.assertEqualsImpl(Assert.java:149)
at org.testng.Assert.assertEquals(Assert.java:131)
at org.testng.Assert.assertEquals(Assert.java:655)
at org.testng.Assert.assertEquals(Assert.java:665)
at com.cucumber.framework.stepdefinition.SportsFilter.i_can_see_an_available_list_of_valid_sports(SportsFilter.java:72)
at âœ½.I can see an available list of valid Sports(classpath:featurefile/filterSportsListValidation.feature:7)
]]>
    </failure>
  </testcase> <!-- runScenario -->
  <system-out/>
</testsuite> <!-- com.cucumber.framework.runner.filterSportsListValidationFeatureRunner -->
